Message[301] C:\PROGRAM FILES (X86)\MICROCHIP\MPASM SUITE\P16F84.INC 33 : MESSAGE: (Processor-header file mismatch.  Verify selected processor.)
Warning[203] C:\USERS\EDGAR ALAN\DESKTOP\PRACTICA 1\RECORRIDO.ASM 3 : Found opcode in column 1. (BSF)
Warning[203] C:\USERS\EDGAR ALAN\DESKTOP\PRACTICA 1\RECORRIDO.ASM 4 : Found opcode in column 1. (CLRF)
Message[302] C:\USERS\EDGAR ALAN\DESKTOP\PRACTICA 1\RECORRIDO.ASM 4 : Register in operand not in bank 0.  Ensure that bank bits are correct.
Warning[203] C:\USERS\EDGAR ALAN\DESKTOP\PRACTICA 1\RECORRIDO.ASM 5 : Found opcode in column 1. (BCF)
Warning[203] C:\USERS\EDGAR ALAN\DESKTOP\PRACTICA 1\RECORRIDO.ASM 7 : Found opcode in column 1. (CLRF)
Warning[203] C:\USERS\EDGAR ALAN\DESKTOP\PRACTICA 1\RECORRIDO.ASM 10 : Found opcode in column 1. (MOVLW)
Warning[203] C:\USERS\EDGAR ALAN\DESKTOP\PRACTICA 1\RECORRIDO.ASM 11 : Found opcode in column 1. (MOVWF)
Warning[203] C:\USERS\EDGAR ALAN\DESKTOP\PRACTICA 1\RECORRIDO.ASM 12 : Found opcode in column 1. (CLRF)
Warning[203] C:\USERS\EDGAR ALAN\DESKTOP\PRACTICA 1\RECORRIDO.ASM 14 : Found opcode in column 1. (MOVLW)
Warning[203] C:\USERS\EDGAR ALAN\DESKTOP\PRACTICA 1\RECORRIDO.ASM 15 : Found opcode in column 1. (MOVWF)
Warning[203] C:\USERS\EDGAR ALAN\DESKTOP\PRACTICA 1\RECORRIDO.ASM 16 : Found opcode in column 1. (CLRF)
Warning[203] C:\USERS\EDGAR ALAN\DESKTOP\PRACTICA 1\RECORRIDO.ASM 18 : Found opcode in column 1. (MOVLW)
Warning[203] C:\USERS\EDGAR ALAN\DESKTOP\PRACTICA 1\RECORRIDO.ASM 19 : Found opcode in column 1. (MOVWF)
Warning[203] C:\USERS\EDGAR ALAN\DESKTOP\PRACTICA 1\RECORRIDO.ASM 20 : Found opcode in column 1. (CLRF)
Warning[203] C:\USERS\EDGAR ALAN\DESKTOP\PRACTICA 1\RECORRIDO.ASM 22 : Found opcode in column 1. (MOVLW)
Warning[203] C:\USERS\EDGAR ALAN\DESKTOP\PRACTICA 1\RECORRIDO.ASM 23 : Found opcode in column 1. (MOVWF)
Warning[203] C:\USERS\EDGAR ALAN\DESKTOP\PRACTICA 1\RECORRIDO.ASM 24 : Found opcode in column 1. (CLRF)
Warning[203] C:\USERS\EDGAR ALAN\DESKTOP\PRACTICA 1\RECORRIDO.ASM 26 : Found opcode in column 1. (MOVLW)
Warning[203] C:\USERS\EDGAR ALAN\DESKTOP\PRACTICA 1\RECORRIDO.ASM 27 : Found opcode in column 1. (MOVWF)
Warning[203] C:\USERS\EDGAR ALAN\DESKTOP\PRACTICA 1\RECORRIDO.ASM 28 : Found opcode in column 1. (CLRF)
Warning[203] C:\USERS\EDGAR ALAN\DESKTOP\PRACTICA 1\RECORRIDO.ASM 30 : Found opcode in column 1. (MOVLW)
Warning[203] C:\USERS\EDGAR ALAN\DESKTOP\PRACTICA 1\RECORRIDO.ASM 31 : Found opcode in column 1. (MOVWF)
Warning[203] C:\USERS\EDGAR ALAN\DESKTOP\PRACTICA 1\RECORRIDO.ASM 32 : Found opcode in column 1. (CLRF)
Warning[203] C:\USERS\EDGAR ALAN\DESKTOP\PRACTICA 1\RECORRIDO.ASM 34 : Found opcode in column 1. (MOVLW)
Warning[203] C:\USERS\EDGAR ALAN\DESKTOP\PRACTICA 1\RECORRIDO.ASM 35 : Found opcode in column 1. (MOVWF)
Warning[203] C:\USERS\EDGAR ALAN\DESKTOP\PRACTICA 1\RECORRIDO.ASM 36 : Found opcode in column 1. (CLRF)
Warning[203] C:\USERS\EDGAR ALAN\DESKTOP\PRACTICA 1\RECORRIDO.ASM 38 : Found opcode in column 1. (MOVLW)
Warning[203] C:\USERS\EDGAR ALAN\DESKTOP\PRACTICA 1\RECORRIDO.ASM 39 : Found opcode in column 1. (MOVWF)
Warning[203] C:\USERS\EDGAR ALAN\DESKTOP\PRACTICA 1\RECORRIDO.ASM 40 : Found opcode in column 1. (CLRF)
Warning[203] C:\USERS\EDGAR ALAN\DESKTOP\PRACTICA 1\RECORRIDO.ASM 42 : Found opcode in column 1. (MOVLW)
Warning[203] C:\USERS\EDGAR ALAN\DESKTOP\PRACTICA 1\RECORRIDO.ASM 43 : Found opcode in column 1. (MOVWF)
Warning[203] C:\USERS\EDGAR ALAN\DESKTOP\PRACTICA 1\RECORRIDO.ASM 44 : Found opcode in column 1. (CLRF)
Warning[203] C:\USERS\EDGAR ALAN\DESKTOP\PRACTICA 1\RECORRIDO.ASM 47 : Found opcode in column 1. (MOVLW)
Warning[203] C:\USERS\EDGAR ALAN\DESKTOP\PRACTICA 1\RECORRIDO.ASM 48 : Found opcode in column 1. (MOVWF)
Warning[203] C:\USERS\EDGAR ALAN\DESKTOP\PRACTICA 1\RECORRIDO.ASM 49 : Found opcode in column 1. (CLRF)
Warning[203] C:\USERS\EDGAR ALAN\DESKTOP\PRACTICA 1\RECORRIDO.ASM 51 : Found opcode in column 1. (MOVLW)
Warning[203] C:\USERS\EDGAR ALAN\DESKTOP\PRACTICA 1\RECORRIDO.ASM 52 : Found opcode in column 1. (MOVWF)
Warning[203] C:\USERS\EDGAR ALAN\DESKTOP\PRACTICA 1\RECORRIDO.ASM 53 : Found opcode in column 1. (CLRF)
Warning[203] C:\USERS\EDGAR ALAN\DESKTOP\PRACTICA 1\RECORRIDO.ASM 55 : Found opcode in column 1. (MOVLW)
Warning[203] C:\USERS\EDGAR ALAN\DESKTOP\PRACTICA 1\RECORRIDO.ASM 56 : Found opcode in column 1. (MOVWF)
Warning[203] C:\USERS\EDGAR ALAN\DESKTOP\PRACTICA 1\RECORRIDO.ASM 57 : Found opcode in column 1. (CLRF)
Warning[203] C:\USERS\EDGAR ALAN\DESKTOP\PRACTICA 1\RECORRIDO.ASM 59 : Found opcode in column 1. (MOVLW)
Warning[203] C:\USERS\EDGAR ALAN\DESKTOP\PRACTICA 1\RECORRIDO.ASM 60 : Found opcode in column 1. (MOVWF)
Warning[203] C:\USERS\EDGAR ALAN\DESKTOP\PRACTICA 1\RECORRIDO.ASM 61 : Found opcode in column 1. (CLRF)
Warning[203] C:\USERS\EDGAR ALAN\DESKTOP\PRACTICA 1\RECORRIDO.ASM 63 : Found opcode in column 1. (MOVLW)
Warning[203] C:\USERS\EDGAR ALAN\DESKTOP\PRACTICA 1\RECORRIDO.ASM 64 : Found opcode in column 1. (MOVWF)
Warning[203] C:\USERS\EDGAR ALAN\DESKTOP\PRACTICA 1\RECORRIDO.ASM 65 : Found opcode in column 1. (CLRF)
Warning[203] C:\USERS\EDGAR ALAN\DESKTOP\PRACTICA 1\RECORRIDO.ASM 67 : Found opcode in column 1. (MOVLW)
Warning[203] C:\USERS\EDGAR ALAN\DESKTOP\PRACTICA 1\RECORRIDO.ASM 68 : Found opcode in column 1. (MOVWF)
Warning[203] C:\USERS\EDGAR ALAN\DESKTOP\PRACTICA 1\RECORRIDO.ASM 69 : Found opcode in column 1. (CLRF)
Warning[203] C:\USERS\EDGAR ALAN\DESKTOP\PRACTICA 1\RECORRIDO.ASM 71 : Found opcode in column 1. (MOVLW)
Warning[203] C:\USERS\EDGAR ALAN\DESKTOP\PRACTICA 1\RECORRIDO.ASM 72 : Found opcode in column 1. (MOVWF)
Warning[203] C:\USERS\EDGAR ALAN\DESKTOP\PRACTICA 1\RECORRIDO.ASM 73 : Found opcode in column 1. (CLRF)
Warning[203] C:\USERS\EDGAR ALAN\DESKTOP\PRACTICA 1\RECORRIDO.ASM 75 : Found opcode in column 1. (GOTO)
Warning[205] C:\USERS\EDGAR ALAN\DESKTOP\PRACTICA 1\RECORRIDO.ASM 77 : Found directive in column 1. (END)
