

Microchip MPLAB XC8 Assembler V2.36 build 20220127204148 
                                                                                               Wed May 18 19:17:27 2022

Microchip MPLAB XC8 C Compiler v2.36 (Free license) build 20220127204148 Og1 
     1                           	processor	16F84A
     2                           	pagewidth 120
     3                           	opt	flic
     4                           	psect	cinit,global,class=CODE,merge=1,delta=2
     5                           	psect	cstackBANK0,global,class=BANK0,space=1,delta=1,noexec
     6                           	psect	maintext,global,class=CODE,split=1,delta=2
     7                           	psect	text1,local,class=CODE,merge=1,delta=2
     8                           	psect	idloc,global,abs,ovrld,class=IDLOC,space=5,delta=2,noexec
     9                           	psect	config,global,abs,ovrld,class=CONFIG,space=4,delta=2,noexec
    10                           	dabs	1,0x4E,2
    11  0000                     
    12                           ; Version 2.40
    13                           ; Generated 17/11/2021 GMT
    14                           ; 
    15                           ; Copyright © 2021, Microchip Technology Inc. and its subsidiaries ("Microchip")
    16                           ; All rights reserved.
    17                           ; 
    18                           ; This software is developed by Microchip Technology Inc. and its subsidiaries ("Microch
      +                          ip").
    19                           ; 
    20                           ; Redistribution and use in source and binary forms, with or without modification, are
    21                           ; permitted provided that the following conditions are met:
    22                           ; 
    23                           ;     1. Redistributions of source code must retain the above copyright notice, this lis
      +                          t of
    24                           ;        conditions and the following disclaimer.
    25                           ; 
    26                           ;     2. Redistributions in binary form must reproduce the above copyright notice, this 
      +                          list
    27                           ;        of conditions and the following disclaimer in the documentation and/or other
    28                           ;        materials provided with the distribution. Publication is not required when
    29                           ;        this file is used in an embedded application.
    30                           ; 
    31                           ;     3. Microchip's name may not be used to endorse or promote products derived from th
      +                          is
    32                           ;        software without specific prior written permission.
    33                           ; 
    34                           ; THIS SOFTWARE IS PROVIDED BY MICROCHIP "AS IS" AND ANY EXPRESS OR IMPLIED WARRANTIES,
    35                           ; INCLUDING, BUT NOT LIMITED TO, THE IMPLIED WARRANTIES OF MERCHANTABILITY AND FITNESS F
      +                          OR
    36                           ; PURPOSE ARE DISCLAIMED.  IN NO EVENT SHALL MICROCHIP BE LIABLE FOR ANY DIRECT, INDIREC
      +                          T,
    37                           ; INCIDENTAL, SPECIAL, EXEMPLARY, OR CONSEQUENTIAL DAMAGES (INCLUDING BUT NOT LIMITED TO
    38                           ; PROCUREMENT OF SUBSTITUTE GOODS OR SERVICES; LOSS OF USE, DATA OR PROFITS; OR BUSINESS
    39                           ; INTERRUPTION) HOWSOEVER CAUSED AND ON ANY THEORY OF LIABILITY, WHETHER IN CONTRACT, ST
      +                          RICT
    40                           ; LIABILITY, OR TORT (INCLUDING NEGLIGENCE OR OTHERWISE) ARISING IN ANY WAY OUT OF THE U
      +                          SE OF
    41                           ; THIS SOFTWARE, EVEN IF ADVISED OF THE POSSIBILITY OF SUCH DAMAGE.
    42                           ; 
    43                           ; 
    44                           ; Code-generator required, PIC16F84A Definitions
    45                           ; 
    46                           ; SFR Addresses
    47  0000                     	;# 
    48  0001                     	;# 
    49  0002                     	;# 
    50  0003                     	;# 
    51  0004                     	;# 
    52  0005                     	;# 
    53  0006                     	;# 
    54  0008                     	;# 
    55  0009                     	;# 
    56  000A                     	;# 
    57  000B                     	;# 
    58  0081                     	;# 
    59  0085                     	;# 
    60  0086                     	;# 
    61  0088                     	;# 
    62  0089                     	;# 
    63  0000                     	;# 
    64  0001                     	;# 
    65  0002                     	;# 
    66  0003                     	;# 
    67  0004                     	;# 
    68  0005                     	;# 
    69  0006                     	;# 
    70  0008                     	;# 
    71  0009                     	;# 
    72  000A                     	;# 
    73  000B                     	;# 
    74  0081                     	;# 
    75  0085                     	;# 
    76  0086                     	;# 
    77  0088                     	;# 
    78  0089                     	;# 
    79  0005                     _PORTA	set	5
    80  0006                     _PORTB	set	6
    81  0086                     _TRISB	set	134
    82  0085                     _TRISA	set	133
    83                           
    84                           	psect	cinit
    85  03FE                     start_initialization:	
    86                           ; #config settings
    87                           
    88  03FE                     __initialization:
    89  03FE                     end_of_initialization:	
    90                           ;End of C runtime variable initialization code
    91                           
    92  03FE                     __end_of__initialization:
    93  03FE  0183               	clrf	3
    94  03FF  2B97               	ljmp	_main	;jump to C main() function
    95                           
    96                           	psect	cstackBANK0
    97  000C                     __pcstackBANK0:
    98  000C                     ?_sirena:
    99  000C                     ??_sirena:	
   100                           ; 1 bytes @ 0x0
   101                           
   102  000C                     ?_main:	
   103                           ; 1 bytes @ 0x0
   104                           
   105                           
   106                           ; 1 bytes @ 0x0
   107  000C                     	ds	1
   108  000D                     sirena@j:
   109                           
   110                           ; 2 bytes @ 0x1
   111  000D                     	ds	2
   112  000F                     ??_main:
   113                           
   114                           ; 1 bytes @ 0x3
   115  000F                     	ds	3
   116                           
   117                           	psect	maintext
   118  0397                     __pmaintext:	
   119 ;;
   120 ;;Main: autosize = 0, tempsize = 3, incstack = 0, save=0
   121 ;;
   122 ;; *************** function _main *****************
   123 ;; Defined at:
   124 ;;		line 53 in file "main.c"
   125 ;; Parameters:    Size  Location     Type
   126 ;;		None
   127 ;; Auto vars:     Size  Location     Type
   128 ;;		None
   129 ;; Return value:  Size  Location     Type
   130 ;;                  1    wreg      void 
   131 ;; Registers used:
   132 ;;		wreg, status,2, status,0, btemp+1, pclath, cstack
   133 ;; Tracked objects:
   134 ;;		On entry : B00/0
   135 ;;		On exit  : 0/0
   136 ;;		Unchanged: 0/0
   137 ;; Data sizes:     COMMON   BANK0
   138 ;;      Params:         0       0
   139 ;;      Locals:         0       0
   140 ;;      Temps:          0       3
   141 ;;      Totals:         0       3
   142 ;;Total ram usage:        3 bytes
   143 ;; Hardware stack levels required when called: 1
   144 ;; This function calls:
   145 ;;		_sirena
   146 ;; This function is called by:
   147 ;;		Startup code after reset
   148 ;; This function uses a non-reentrant model
   149 ;;
   150                           
   151  0397                     _main:	
   152                           ;psect for function _main
   153                           
   154  0397                     l719:	
   155                           ;incstack = 0
   156                           ; Regs used in _main: [wreg+status,2+status,0+btemp+1+pclath+cstack]
   157                           
   158                           
   159                           ;main.c: 58:     TRISA = 1;
   160  0397  3001               	movlw	1
   161  0398  1683               	bsf	3,5	;RP0=1, select bank1
   162  0399  0085               	movwf	5	;volatile
   163  039A                     l721:
   164                           
   165                           ;main.c: 59:     TRISB = 0;
   166  039A  0186               	clrf	6	;volatile
   167  039B                     l723:
   168                           
   169                           ;main.c: 61:     PORTA = 0;
   170  039B  1283               	bcf	3,5	;RP0=0, select bank0
   171  039C  0185               	clrf	5	;volatile
   172  039D                     l725:
   173                           
   174                           ;main.c: 62:     PORTB = 0;
   175  039D  0186               	clrf	6	;volatile
   176  039E                     l727:
   177                           
   178                           ;main.c: 70:     {;main.c: 74:        sirena();
   179  039E  23C8               	fcall	_sirena
   180  039F                     l729:
   181                           
   182                           ;main.c: 75:         _delay((unsigned long)((100)*(4000000/4000.0)));
   183  039F  3082               	movlw	130
   184  03A0  1283               	bcf	3,5	;RP0=0, select bank0
   185  03A1  0090               	movwf	??_main+1
   186  03A2  30DD               	movlw	221
   187  03A3  008F               	movwf	??_main
   188  03A4                     u57:
   189  03A4  0B8F               	decfsz	??_main,f
   190  03A5  2BA4               	goto	u57
   191  03A6  0B90               	decfsz	??_main+1,f
   192  03A7  2BA4               	goto	u57
   193  03A8  2BA9               	nop2
   194  03A9                     l731:
   195                           
   196                           ;main.c: 78:        _delay((unsigned long)((5000)*(4000000/4000.0)));
   197  03A9  301A               	movlw	26
   198  03AA  1283               	bcf	3,5	;RP0=0, select bank0
   199  03AB  0091               	movwf	??_main+2
   200  03AC  305E               	movlw	94
   201  03AD  0090               	movwf	??_main+1
   202  03AE  306E               	movlw	110
   203  03AF  008F               	movwf	??_main
   204  03B0                     u67:
   205  03B0  0B8F               	decfsz	??_main,f
   206  03B1  2BB0               	goto	u67
   207  03B2  0B90               	decfsz	??_main+1,f
   208  03B3  2BB0               	goto	u67
   209  03B4  0B91               	decfsz	??_main+2,f
   210  03B5  2BB0               	goto	u67
   211  03B6  0000               	nop
   212  03B7                     l733:
   213                           
   214                           ;main.c: 80:        PORTB = 0b00000000;
   215  03B7  1283               	bcf	3,5	;RP0=0, select bank0
   216  03B8  0186               	clrf	6	;volatile
   217  03B9                     l735:
   218                           
   219                           ;main.c: 82:        _delay((unsigned long)((500)*(4000000/4000.0)));
   220  03B9  3003               	movlw	3
   221  03BA  0091               	movwf	??_main+2
   222  03BB  308A               	movlw	138
   223  03BC  0090               	movwf	??_main+1
   224  03BD  3055               	movlw	85
   225  03BE  008F               	movwf	??_main
   226  03BF                     u77:
   227  03BF  0B8F               	decfsz	??_main,f
   228  03C0  2BBF               	goto	u77
   229  03C1  0B90               	decfsz	??_main+1,f
   230  03C2  2BBF               	goto	u77
   231  03C3  0B91               	decfsz	??_main+2,f
   232  03C4  2BBF               	goto	u77
   233  03C5  2BC6               	nop2
   234  03C6  2B9E               	goto	l727
   235  03C7  2800               	ljmp	start
   236  03C8                     __end_of_main:
   237                           
   238                           	psect	text1
   239  03C8                     __ptext1:	
   240 ;; *************** function _sirena *****************
   241 ;; Defined at:
   242 ;;		line 37 in file "main.c"
   243 ;; Parameters:    Size  Location     Type
   244 ;;		None
   245 ;; Auto vars:     Size  Location     Type
   246 ;;  j               2    1[BANK0 ] int 
   247 ;; Return value:  Size  Location     Type
   248 ;;                  1    wreg      void 
   249 ;; Registers used:
   250 ;;		wreg, status,2, btemp+1
   251 ;; Tracked objects:
   252 ;;		On entry : 0/0
   253 ;;		On exit  : 0/0
   254 ;;		Unchanged: 0/0
   255 ;; Data sizes:     COMMON   BANK0
   256 ;;      Params:         0       0
   257 ;;      Locals:         0       2
   258 ;;      Temps:          0       1
   259 ;;      Totals:         0       3
   260 ;;Total ram usage:        3 bytes
   261 ;; Hardware stack levels used: 1
   262 ;; This function calls:
   263 ;;		Nothing
   264 ;; This function is called by:
   265 ;;		_main
   266 ;; This function uses a non-reentrant model
   267 ;;
   268                           
   269  03C8                     _sirena:	
   270                           ;psect for function _sirena
   271                           
   272  03C8                     l697:	
   273                           ;incstack = 0
   274                           ; Regs used in _sirena: [wreg+status,2+btemp+1]
   275                           
   276                           
   277                           ;main.c: 39:     for (int j = 0 ; j < 1000; j++)
   278  03C8  1283               	bcf	3,5	;RP0=0, select bank0
   279  03C9  018D               	clrf	sirena@j
   280  03CA  018E               	clrf	sirena@j+1
   281  03CB                     l703:
   282                           
   283                           ;main.c: 40:          {;main.c: 41:             PORTB = 0b00000001;
   284  03CB  3001               	movlw	1
   285  03CC  1283               	bcf	3,5	;RP0=0, select bank0
   286  03CD  0086               	movwf	6	;volatile
   287                           
   288                           ;main.c: 42:             _delay((unsigned long)((21)*(4000000/4000000.0)));
   289  03CE  3006               	movlw	6
   290  03CF  008C               	movwf	??_sirena
   291  03D0                     u87:
   292  03D0  0B8C               	decfsz	??_sirena,f
   293  03D1  2BD0               	goto	u87
   294  03D2  2BD3               	nop2
   295  03D3                     l705:
   296                           
   297                           ;main.c: 43:             PORTB = 0b00000000;
   298  03D3  1283               	bcf	3,5	;RP0=0, select bank0
   299  03D4  0186               	clrf	6	;volatile
   300  03D5                     l707:
   301                           
   302                           ;main.c: 44:             _delay((unsigned long)((21)*(4000000/4000000.0)));
   303  03D5  3006               	movlw	6
   304  03D6  008C               	movwf	??_sirena
   305  03D7                     u97:
   306  03D7  0B8C               	decfsz	??_sirena,f
   307  03D8  2BD7               	goto	u97
   308  03D9  2BDA               	nop2
   309  03DA                     l709:
   310                           
   311                           ;main.c: 46:             PORTB = 0b00000001;
   312  03DA  3001               	movlw	1
   313  03DB  1283               	bcf	3,5	;RP0=0, select bank0
   314  03DC  0086               	movwf	6	;volatile
   315  03DD                     l711:
   316                           
   317                           ;main.c: 47:             _delay((unsigned long)((41)*(4000000/4000000.0)));
   318  03DD  300D               	movlw	13
   319  03DE  008C               	movwf	??_sirena
   320  03DF                     u107:
   321  03DF  0B8C               	decfsz	??_sirena,f
   322  03E0  2BDF               	goto	u107
   323  03E1  0000               	nop
   324                           
   325                           ;main.c: 48:             PORTB = 0b00000000;
   326  03E2  1283               	bcf	3,5	;RP0=0, select bank0
   327  03E3  0186               	clrf	6	;volatile
   328  03E4                     l713:
   329                           
   330                           ;main.c: 49:             _delay((unsigned long)((41)*(4000000/4000000.0)));
   331  03E4  300D               	movlw	13
   332  03E5  008C               	movwf	??_sirena
   333  03E6                     u117:
   334  03E6  0B8C               	decfsz	??_sirena,f
   335  03E7  2BE6               	goto	u117
   336  03E8  0000               	nop
   337  03E9                     l715:
   338                           
   339                           ;main.c: 50:          }
   340  03E9  3001               	movlw	1
   341  03EA  1283               	bcf	3,5	;RP0=0, select bank0
   342  03EB  078D               	addwf	sirena@j,f
   343  03EC  1803               	skipnc
   344  03ED  0A8E               	incf	sirena@j+1,f
   345  03EE  3000               	movlw	0
   346  03EF  078E               	addwf	sirena@j+1,f
   347  03F0                     l717:
   348  03F0  080E               	movf	sirena@j+1,w
   349  03F1  3A80               	xorlw	128
   350  03F2  00CF               	movwf	btemp+1
   351  03F3  3083               	movlw	131
   352  03F4  024F               	subwf	btemp+1,w
   353  03F5  1D03               	skipz
   354  03F6  2BF9               	goto	u45
   355  03F7  30E8               	movlw	232
   356  03F8  020D               	subwf	sirena@j,w
   357  03F9                     u45:
   358  03F9  1C03               	skipc
   359  03FA  2BFC               	goto	u41
   360  03FB  2BFD               	goto	u40
   361  03FC                     u41:
   362  03FC  2BCB               	goto	l703
   363  03FD                     u40:
   364  03FD                     l25:
   365  03FD  0008               	return
   366  03FE                     __end_of_sirena:
   367  004E                     btemp	set	78	;btemp
   368  004E                     wtemp0	set	78
   369                           
   370                           	psect	idloc
   371                           
   372                           ;Config register IDLOC0 @ 0x2000
   373                           ;	unspecified, using default values
   374  2000                     	org	8192
   375  2000  3FFF               	dw	16383
   376                           
   377                           ;Config register IDLOC1 @ 0x2001
   378                           ;	unspecified, using default values
   379  2001                     	org	8193
   380  2001  3FFF               	dw	16383
   381                           
   382                           ;Config register IDLOC2 @ 0x2002
   383                           ;	unspecified, using default values
   384  2002                     	org	8194
   385  2002  3FFF               	dw	16383
   386                           
   387                           ;Config register IDLOC3 @ 0x2003
   388                           ;	unspecified, using default values
   389  2003                     	org	8195
   390  2003  3FFF               	dw	16383
   391                           
   392                           	psect	config
   393                           
   394                           ;Config register CONFIG @ 0x2007
   395                           ;	Oscillator Selection bits
   396                           ;	FOSC = EXTRC, RC oscillator
   397                           ;	Watchdog Timer
   398                           ;	WDTE = ON, WDT enabled
   399                           ;	Power-up Timer Enable bit
   400                           ;	PWRTE = OFF, Power-up Timer is disabled
   401                           ;	Code Protection bit
   402                           ;	CP = OFF, Code protection disabled
   403  2007                     	org	8199
   404  2007  3FFF               	dw	16383

Data Sizes:
    Strings     0
    Constant    0
    Data        0
    BSS         0
    Persistent  0
    Stack       0

Auto Spaces:
    Space          Size  Autos    Used
    COMMON            0      0       0
    BANK0            66      6       6

Pointer List with Targets:

    None.

Critical Paths under _main in COMMON

    None.

Critical Paths under _main in BANK0

    _main->_sirena

Call Graph Tables:

 ---------------------------------------------------------------------------------
 (Depth) Function   	        Calls       Base Space   Used Autos Params    Refs
 ---------------------------------------------------------------------------------
 (0) _main                                                 3     3      0      46
                                              3 BANK0      3     3      0
                             _sirena
 ---------------------------------------------------------------------------------
 (1) _sirena                                               3     3      0      46
                                              0 BANK0      3     3      0
 ---------------------------------------------------------------------------------
 Estimated maximum stack depth 1
 ---------------------------------------------------------------------------------

 Call Graph Graphs:

 _main (ROOT)
   _sirena

 Address spaces:
Name               Size   Autos  Total    Cost      Usage
BITCOMMON            0      0       0       0        0.0%
EEDATA              40      0       0       0        0.0%
NULL                 0      0       0       0        0.0%
CODE                 0      0       0       0        0.0%
BITSFR0              0      0       0       1        0.0%
SFR0                 0      0       0       1        0.0%
COMMON               0      0       0       1        0.0%
BITSFR1              0      0       0       2        0.0%
SFR1                 0      0       0       2        0.0%
STACK                0      0       0       2        0.0%
BANK0               42      6       6       3        9.1%
ABS                  0      0       0       4        0.0%
BITBANK0            42      0       0       5        0.0%
DATA                 0      0       0       6        0.0%


Microchip Technology PIC Macro Assembler V2.36 build 20220127204148 
Symbol Table                                                                                   Wed May 18 19:17:27 2022

                     l25 03FD                       u40 03FD                       u41 03FC  
                     u45 03F9                       u57 03A4                       u67 03B0  
                     u77 03BF                       u87 03D0                       u97 03D7  
                    l711 03DD                      l703 03CB                      l713 03E4  
                    l705 03D3                      l721 039A                      l715 03E9  
                    l707 03D5                      l731 03A9                      l723 039B  
                    l717 03F0                      l709 03DA                      l733 03B7  
                    l725 039D                      l735 03B9                      l727 039E  
                    l719 0397                      l729 039F                      l697 03C8  
                    u107 03DF                      u117 03E6                     _main 0397  
                   btemp 004E                     start 0000                    ?_main 000C  
                  _PORTA 0005                    _PORTB 0006                    _TRISA 0085  
                  _TRISB 0086                    status 0003                    wtemp0 004E  
        __initialization 03FE             __end_of_main 03C8                   ??_main 000F  
                 _sirena 03C8  __end_of__initialization 03FE               __pmaintext 0397  
                ?_sirena 000C                  __ptext1 03C8     end_of_initialization 03FE  
                sirena@j 000D           __end_of_sirena 03FE      start_initialization 03FE  
               ??_sirena 000C                ___latbits 0000            __pcstackBANK0 000C  
