

Microchip MPLAB XC8 Assembler V2.36 build 20220127204148 
                                                                                               Wed May 11 16:45:24 2022

Microchip MPLAB XC8 C Compiler v2.36 (Free license) build 20220127204148 Og1 
     1                           	processor	16F84A
     2                           	pagewidth 120
     3                           	opt	flic
     4                           	psect	cinit,global,class=CODE,merge=1,delta=2
     5                           	psect	cstackCOMMON,global,class=COMMON,space=1,delta=1,noexec
     6                           	psect	cstackBANK0,global,class=BANK0,space=1,delta=1,noexec
     7                           	psect	maintext,global,class=CODE,split=1,delta=2
     8                           	psect	text1,local,class=CODE,merge=1,delta=2
     9                           	psect	text2,local,class=CODE,merge=1,delta=2
    10                           	psect	text3,local,class=CODE,merge=1,delta=2
    11                           	psect	idloc,global,abs,ovrld,class=IDLOC,space=5,delta=2,noexec
    12                           	psect	config,global,abs,ovrld,class=CONFIG,space=4,delta=2,noexec
    13                           	dabs	1,0x4E,2
    14  0000                     
    15                           ; Version 2.40
    16                           ; Generated 17/11/2021 GMT
    17                           ; 
    18                           ; Copyright © 2021, Microchip Technology Inc. and its subsidiaries ("Microchip")
    19                           ; All rights reserved.
    20                           ; 
    21                           ; This software is developed by Microchip Technology Inc. and its subsidiaries ("Microch
      +                          ip").
    22                           ; 
    23                           ; Redistribution and use in source and binary forms, with or without modification, are
    24                           ; permitted provided that the following conditions are met:
    25                           ; 
    26                           ;     1. Redistributions of source code must retain the above copyright notice, this lis
      +                          t of
    27                           ;        conditions and the following disclaimer.
    28                           ; 
    29                           ;     2. Redistributions in binary form must reproduce the above copyright notice, this 
      +                          list
    30                           ;        of conditions and the following disclaimer in the documentation and/or other
    31                           ;        materials provided with the distribution. Publication is not required when
    32                           ;        this file is used in an embedded application.
    33                           ; 
    34                           ;     3. Microchip's name may not be used to endorse or promote products derived from th
      +                          is
    35                           ;        software without specific prior written permission.
    36                           ; 
    37                           ; THIS SOFTWARE IS PROVIDED BY MICROCHIP "AS IS" AND ANY EXPRESS OR IMPLIED WARRANTIES,
    38                           ; INCLUDING, BUT NOT LIMITED TO, THE IMPLIED WARRANTIES OF MERCHANTABILITY AND FITNESS F
      +                          OR
    39                           ; PURPOSE ARE DISCLAIMED.  IN NO EVENT SHALL MICROCHIP BE LIABLE FOR ANY DIRECT, INDIREC
      +                          T,
    40                           ; INCIDENTAL, SPECIAL, EXEMPLARY, OR CONSEQUENTIAL DAMAGES (INCLUDING BUT NOT LIMITED TO
    41                           ; PROCUREMENT OF SUBSTITUTE GOODS OR SERVICES; LOSS OF USE, DATA OR PROFITS; OR BUSINESS
    42                           ; INTERRUPTION) HOWSOEVER CAUSED AND ON ANY THEORY OF LIABILITY, WHETHER IN CONTRACT, ST
      +                          RICT
    43                           ; LIABILITY, OR TORT (INCLUDING NEGLIGENCE OR OTHERWISE) ARISING IN ANY WAY OUT OF THE U
      +                          SE OF
    44                           ; THIS SOFTWARE, EVEN IF ADVISED OF THE POSSIBILITY OF SUCH DAMAGE.
    45                           ; 
    46                           ; 
    47                           ; Code-generator required, PIC16F84A Definitions
    48                           ; 
    49                           ; SFR Addresses
    50  0000                     	;# 
    51  0001                     	;# 
    52  0002                     	;# 
    53  0003                     	;# 
    54  0004                     	;# 
    55  0005                     	;# 
    56  0006                     	;# 
    57  0008                     	;# 
    58  0009                     	;# 
    59  000A                     	;# 
    60  000B                     	;# 
    61  0081                     	;# 
    62  0085                     	;# 
    63  0086                     	;# 
    64  0088                     	;# 
    65  0089                     	;# 
    66  0000                     	;# 
    67  0001                     	;# 
    68  0002                     	;# 
    69  0003                     	;# 
    70  0004                     	;# 
    71  0005                     	;# 
    72  0006                     	;# 
    73  0008                     	;# 
    74  0009                     	;# 
    75  000A                     	;# 
    76  000B                     	;# 
    77  0081                     	;# 
    78  0085                     	;# 
    79  0086                     	;# 
    80  0088                     	;# 
    81  0089                     	;# 
    82  0005                     _PORTA	set	5
    83  0006                     _PORTB	set	6
    84  0086                     _TRISB	set	134
    85  0085                     _TRISA	set	133
    86                           
    87                           	psect	cinit
    88  03FE                     start_initialization:	
    89                           ; #config settings
    90                           
    91  03FE                     __initialization:
    92  03FE                     end_of_initialization:	
    93                           ;End of C runtime variable initialization code
    94                           
    95  03FE                     __end_of__initialization:
    96  03FE  0183               	clrf	3
    97  03FF  2BAD               	ljmp	_main	;jump to C main() function
    98                           
    99                           	psect	cstackCOMMON
   100  0000                     __pcstackCOMMON:
   101  0000                     ??_main:
   102                           
   103                           	psect	cstackBANK0
   104  000C                     __pcstackBANK0:	
   105                           ; 1 bytes @ 0x0
   106                           
   107  000C                     ?_diez:
   108  000C                     ??_diez:	
   109                           ; 1 bytes @ 0x0
   110                           
   111  000C                     ?_cinco:	
   112                           ; 1 bytes @ 0x0
   113                           
   114  000C                     ??_cinco:	
   115                           ; 1 bytes @ 0x0
   116                           
   117  000C                     ?_quice:	
   118                           ; 1 bytes @ 0x0
   119                           
   120  000C                     ??_quice:	
   121                           ; 1 bytes @ 0x0
   122                           
   123  000C                     ?_main:	
   124                           ; 1 bytes @ 0x0
   125                           
   126                           
   127                           ; 1 bytes @ 0x0
   128  000C                     	ds	1
   129  000D                     diez@i:
   130  000D                     cinco@j:	
   131                           ; 2 bytes @ 0x1
   132                           
   133  000D                     quice@j:	
   134                           ; 2 bytes @ 0x1
   135                           
   136                           
   137                           ; 2 bytes @ 0x1
   138  000D                     	ds	2
   139                           
   140                           	psect	maintext
   141  03AD                     __pmaintext:	
   142 ;;
   143 ;;Main: autosize = 0, tempsize = 0, incstack = 0, save=0
   144 ;;
   145 ;; *************** function _main *****************
   146 ;; Defined at:
   147 ;;		line 48 in file "main.c"
   148 ;; Parameters:    Size  Location     Type
   149 ;;		None
   150 ;; Auto vars:     Size  Location     Type
   151 ;;		None
   152 ;; Return value:  Size  Location     Type
   153 ;;                  1    wreg      void 
   154 ;; Registers used:
   155 ;;		wreg, status,2, status,0, btemp+1, pclath, cstack
   156 ;; Tracked objects:
   157 ;;		On entry : B00/0
   158 ;;		On exit  : 0/0
   159 ;;		Unchanged: 0/0
   160 ;; Data sizes:     COMMON   BANK0
   161 ;;      Params:         0       0
   162 ;;      Locals:         0       0
   163 ;;      Temps:          0       0
   164 ;;      Totals:         0       0
   165 ;;Total ram usage:        0 bytes
   166 ;; Hardware stack levels required when called: 1
   167 ;; This function calls:
   168 ;;		_cinco
   169 ;;		_diez
   170 ;;		_quice
   171 ;; This function is called by:
   172 ;;		Startup code after reset
   173 ;; This function uses a non-reentrant model
   174 ;;
   175                           
   176  03AD                     _main:	
   177                           ;psect for function _main
   178                           
   179  03AD                     l788:	
   180                           ;incstack = 0
   181                           ; Regs used in _main: [wreg+status,2+status,0+btemp+1+pclath+cstack]
   182                           
   183                           
   184                           ;main.c: 53:     TRISA = 1;
   185  03AD  3001               	movlw	1
   186  03AE  1683               	bsf	3,5	;RP0=1, select bank1
   187  03AF  0085               	movwf	5	;volatile
   188  03B0                     l790:
   189                           
   190                           ;main.c: 54:     TRISB = 0;
   191  03B0  0186               	clrf	6	;volatile
   192  03B1                     l792:
   193                           
   194                           ;main.c: 56:     PORTA = 0;
   195  03B1  1283               	bcf	3,5	;RP0=0, select bank0
   196  03B2  0185               	clrf	5	;volatile
   197  03B3                     l794:
   198                           
   199                           ;main.c: 57:     PORTB = 0;
   200  03B3  0186               	clrf	6	;volatile
   201  03B4                     l796:
   202                           
   203                           ;main.c: 65:     {;main.c: 67:        if (PORTA == 0b00000)
   204  03B4  1283               	bcf	3,5	;RP0=0, select bank0
   205  03B5  0805               	movf	5,w	;volatile
   206  03B6  1D03               	btfss	3,2
   207  03B7  2BB9               	goto	u171
   208  03B8  2BBA               	goto	u170
   209  03B9                     u171:
   210  03B9  2BBC               	goto	l800
   211  03BA                     u170:
   212  03BA                     l798:
   213                           
   214                           ;main.c: 68:         {;main.c: 69:             cinco();
   215  03BA  235F               	fcall	_cinco
   216                           
   217                           ;main.c: 70:         }
   218  03BB  2BB4               	goto	l796
   219  03BC                     l800:
   220  03BC  0305               	decf	5,w	;volatile
   221  03BD  1D03               	btfss	3,2
   222  03BE  2BC0               	goto	u181
   223  03BF  2BC1               	goto	u180
   224  03C0                     u181:
   225  03C0  2BC2               	goto	l804
   226  03C1                     u180:
   227  03C1  2BBA               	goto	l798
   228  03C2                     l804:
   229  03C2  3002               	movlw	2
   230  03C3  0605               	xorwf	5,w	;volatile
   231  03C4  1D03               	btfss	3,2
   232  03C5  2BC7               	goto	u191
   233  03C6  2BC8               	goto	u190
   234  03C7                     u191:
   235  03C7  2BC9               	goto	l808
   236  03C8                     u190:
   237  03C8  2BBA               	goto	l798
   238  03C9                     l808:
   239  03C9  3003               	movlw	3
   240  03CA  0605               	xorwf	5,w	;volatile
   241  03CB  1D03               	btfss	3,2
   242  03CC  2BCE               	goto	u201
   243  03CD  2BCF               	goto	u200
   244  03CE                     u201:
   245  03CE  2BD1               	goto	l812
   246  03CF                     u200:
   247  03CF                     l810:
   248                           
   249                           ;main.c: 80:         {;main.c: 81:             diez();
   250  03CF  233A               	fcall	_diez
   251                           
   252                           ;main.c: 82:         }
   253  03D0  2BB4               	goto	l796
   254  03D1                     l812:
   255  03D1  3004               	movlw	4
   256  03D2  0605               	xorwf	5,w	;volatile
   257  03D3  1D03               	btfss	3,2
   258  03D4  2BD6               	goto	u211
   259  03D5  2BD7               	goto	u210
   260  03D6                     u211:
   261  03D6  2BD8               	goto	l816
   262  03D7                     u210:
   263  03D7  2BCF               	goto	l810
   264  03D8                     l816:
   265  03D8  3005               	movlw	5
   266  03D9  0605               	xorwf	5,w	;volatile
   267  03DA  1D03               	btfss	3,2
   268  03DB  2BDD               	goto	u221
   269  03DC  2BDE               	goto	u220
   270  03DD                     u221:
   271  03DD  2BDF               	goto	l820
   272  03DE                     u220:
   273  03DE  2BCF               	goto	l810
   274  03DF                     l820:
   275  03DF  3006               	movlw	6
   276  03E0  0605               	xorwf	5,w	;volatile
   277  03E1  1D03               	btfss	3,2
   278  03E2  2BE4               	goto	u231
   279  03E3  2BE5               	goto	u230
   280  03E4                     u231:
   281  03E4  2BE7               	goto	l824
   282  03E5                     u230:
   283  03E5                     l822:
   284                           
   285                           ;main.c: 92:         {;main.c: 93:            quice();
   286  03E5  2386               	fcall	_quice
   287                           
   288                           ;main.c: 94:         }
   289  03E6  2BB4               	goto	l796
   290  03E7                     l824:
   291  03E7  3007               	movlw	7
   292  03E8  0605               	xorwf	5,w	;volatile
   293  03E9  1D03               	btfss	3,2
   294  03EA  2BEC               	goto	u241
   295  03EB  2BED               	goto	u240
   296  03EC                     u241:
   297  03EC  2BEE               	goto	l828
   298  03ED                     u240:
   299  03ED  2BE5               	goto	l822
   300  03EE                     l828:
   301  03EE  3008               	movlw	8
   302  03EF  0605               	xorwf	5,w	;volatile
   303  03F0  1D03               	btfss	3,2
   304  03F1  2BF3               	goto	u251
   305  03F2  2BF4               	goto	u250
   306  03F3                     u251:
   307  03F3  2BF5               	goto	l832
   308  03F4                     u250:
   309  03F4  2BE5               	goto	l822
   310  03F5                     l832:
   311  03F5  3009               	movlw	9
   312  03F6  0605               	xorwf	5,w	;volatile
   313  03F7  1D03               	btfss	3,2
   314  03F8  2BFA               	goto	u261
   315  03F9  2BFB               	goto	u260
   316  03FA                     u261:
   317  03FA  2BFC               	goto	l44
   318  03FB                     u260:
   319  03FB  2BE5               	goto	l822
   320  03FC                     l44:
   321  03FC  2BB4               	goto	l796
   322  03FD  2800               	ljmp	start
   323  03FE                     __end_of_main:
   324                           
   325                           	psect	text1
   326  0386                     __ptext1:	
   327 ;; *************** function _quice *****************
   328 ;; Defined at:
   329 ;;		line 37 in file "main.c"
   330 ;; Parameters:    Size  Location     Type
   331 ;;		None
   332 ;; Auto vars:     Size  Location     Type
   333 ;;  j               2    1[BANK0 ] int 
   334 ;; Return value:  Size  Location     Type
   335 ;;                  1    wreg      void 
   336 ;; Registers used:
   337 ;;		wreg, status,2, btemp+1
   338 ;; Tracked objects:
   339 ;;		On entry : 0/0
   340 ;;		On exit  : 0/0
   341 ;;		Unchanged: 0/0
   342 ;; Data sizes:     COMMON   BANK0
   343 ;;      Params:         0       0
   344 ;;      Locals:         0       2
   345 ;;      Temps:          0       1
   346 ;;      Totals:         0       3
   347 ;;Total ram usage:        3 bytes
   348 ;; Hardware stack levels used: 1
   349 ;; This function calls:
   350 ;;		Nothing
   351 ;; This function is called by:
   352 ;;		_main
   353 ;; This function uses a non-reentrant model
   354 ;;
   355                           
   356  0386                     _quice:	
   357                           ;psect for function _quice
   358                           
   359  0386                     l772:	
   360                           ;incstack = 0
   361                           ; Regs used in _quice: [wreg+status,2+btemp+1]
   362                           
   363                           
   364                           ;main.c: 39:     for (int j = 0 ; j < 15000; j++)
   365  0386  1283               	bcf	3,5	;RP0=0, select bank0
   366  0387  018D               	clrf	quice@j
   367  0388  018E               	clrf	quice@j+1
   368  0389                     l778:
   369                           
   370                           ;main.c: 40:          {;main.c: 41:             PORTB = 0b00000001;
   371  0389  3001               	movlw	1
   372  038A  1283               	bcf	3,5	;RP0=0, select bank0
   373  038B  0086               	movwf	6	;volatile
   374                           
   375                           ;main.c: 42:             _delay((unsigned long)((21)*(4000000/4000000.0)));
   376  038C  3006               	movlw	6
   377  038D  008C               	movwf	??_quice
   378  038E                     u277:
   379  038E  0B8C               	decfsz	??_quice,f
   380  038F  2B8E               	goto	u277
   381  0390  2B91               	nop2
   382  0391                     l780:
   383                           
   384                           ;main.c: 43:             PORTB = 0b00000000;
   385  0391  1283               	bcf	3,5	;RP0=0, select bank0
   386  0392  0186               	clrf	6	;volatile
   387  0393                     l782:
   388                           
   389                           ;main.c: 44:             _delay((unsigned long)((21)*(4000000/4000000.0)));
   390  0393  3006               	movlw	6
   391  0394  008C               	movwf	??_quice
   392  0395                     u287:
   393  0395  0B8C               	decfsz	??_quice,f
   394  0396  2B95               	goto	u287
   395  0397  2B98               	nop2
   396  0398                     l784:
   397                           
   398                           ;main.c: 45:          }
   399  0398  3001               	movlw	1
   400  0399  1283               	bcf	3,5	;RP0=0, select bank0
   401  039A  078D               	addwf	quice@j,f
   402  039B  1803               	skipnc
   403  039C  0A8E               	incf	quice@j+1,f
   404  039D  3000               	movlw	0
   405  039E  078E               	addwf	quice@j+1,f
   406  039F                     l786:
   407  039F  080E               	movf	quice@j+1,w
   408  03A0  3A80               	xorlw	128
   409  03A1  00CF               	movwf	btemp+1
   410  03A2  30BA               	movlw	186
   411  03A3  024F               	subwf	btemp+1,w
   412  03A4  1D03               	skipz
   413  03A5  2BA8               	goto	u165
   414  03A6  3098               	movlw	152
   415  03A7  020D               	subwf	quice@j,w
   416  03A8                     u165:
   417  03A8  1C03               	skipc
   418  03A9  2BAB               	goto	u161
   419  03AA  2BAC               	goto	u160
   420  03AB                     u161:
   421  03AB  2B89               	goto	l778
   422  03AC                     u160:
   423  03AC                     l25:
   424  03AC  0008               	return
   425  03AD                     __end_of_quice:
   426                           
   427                           	psect	text2
   428  033A                     __ptext2:	
   429 ;; *************** function _diez *****************
   430 ;; Defined at:
   431 ;;		line 15 in file "main.c"
   432 ;; Parameters:    Size  Location     Type
   433 ;;		None
   434 ;; Auto vars:     Size  Location     Type
   435 ;;  i               2    1[BANK0 ] int 
   436 ;; Return value:  Size  Location     Type
   437 ;;                  1    wreg      void 
   438 ;; Registers used:
   439 ;;		wreg, status,2, btemp+1
   440 ;; Tracked objects:
   441 ;;		On entry : 0/0
   442 ;;		On exit  : 0/0
   443 ;;		Unchanged: 0/0
   444 ;; Data sizes:     COMMON   BANK0
   445 ;;      Params:         0       0
   446 ;;      Locals:         0       2
   447 ;;      Temps:          0       1
   448 ;;      Totals:         0       3
   449 ;;Total ram usage:        3 bytes
   450 ;; Hardware stack levels used: 1
   451 ;; This function calls:
   452 ;;		Nothing
   453 ;; This function is called by:
   454 ;;		_main
   455 ;; This function uses a non-reentrant model
   456 ;;
   457                           
   458  033A                     _diez:	
   459                           ;psect for function _diez
   460                           
   461  033A                     l740:	
   462                           ;incstack = 0
   463                           ; Regs used in _diez: [wreg+status,2+btemp+1]
   464                           
   465                           
   466                           ;main.c: 17:     for (int i = 0 ; i < 10000; i++)
   467  033A  1283               	bcf	3,5	;RP0=0, select bank0
   468  033B  018D               	clrf	diez@i
   469  033C  018E               	clrf	diez@i+1
   470  033D                     l746:
   471                           
   472                           ;main.c: 18:          {;main.c: 19:             PORTB = 0b00000001;
   473  033D  3001               	movlw	1
   474  033E  1283               	bcf	3,5	;RP0=0, select bank0
   475  033F  0086               	movwf	6	;volatile
   476                           
   477                           ;main.c: 20:             _delay((unsigned long)((37)*(4000000/4000000.0)));
   478  0340  300C               	movlw	12
   479  0341  008C               	movwf	??_diez
   480  0342                     u297:
   481  0342  0B8C               	decfsz	??_diez,f
   482  0343  2B42               	goto	u297
   483  0344                     l748:
   484                           
   485                           ;main.c: 21:             PORTB = 0b00000000;
   486  0344  1283               	bcf	3,5	;RP0=0, select bank0
   487  0345  0186               	clrf	6	;volatile
   488  0346                     l750:
   489                           
   490                           ;main.c: 22:             _delay((unsigned long)((37)*(4000000/4000000.0)));
   491  0346  300C               	movlw	12
   492  0347  008C               	movwf	??_diez
   493  0348                     u307:
   494  0348  0B8C               	decfsz	??_diez,f
   495  0349  2B48               	goto	u307
   496  034A                     l752:
   497                           
   498                           ;main.c: 23:          }
   499  034A  3001               	movlw	1
   500  034B  1283               	bcf	3,5	;RP0=0, select bank0
   501  034C  078D               	addwf	diez@i,f
   502  034D  1803               	skipnc
   503  034E  0A8E               	incf	diez@i+1,f
   504  034F  3000               	movlw	0
   505  0350  078E               	addwf	diez@i+1,f
   506  0351                     l754:
   507  0351  080E               	movf	diez@i+1,w
   508  0352  3A80               	xorlw	128
   509  0353  00CF               	movwf	btemp+1
   510  0354  30A7               	movlw	167
   511  0355  024F               	subwf	btemp+1,w
   512  0356  1D03               	skipz
   513  0357  2B5A               	goto	u145
   514  0358  3010               	movlw	16
   515  0359  020D               	subwf	diez@i,w
   516  035A                     u145:
   517  035A  1C03               	skipc
   518  035B  2B5D               	goto	u141
   519  035C  2B5E               	goto	u140
   520  035D                     u141:
   521  035D  2B3D               	goto	l746
   522  035E                     u140:
   523  035E                     l15:
   524  035E  0008               	return
   525  035F                     __end_of_diez:
   526                           
   527                           	psect	text3
   528  035F                     __ptext3:	
   529 ;; *************** function _cinco *****************
   530 ;; Defined at:
   531 ;;		line 26 in file "main.c"
   532 ;; Parameters:    Size  Location     Type
   533 ;;		None
   534 ;; Auto vars:     Size  Location     Type
   535 ;;  j               2    1[BANK0 ] int 
   536 ;; Return value:  Size  Location     Type
   537 ;;                  1    wreg      void 
   538 ;; Registers used:
   539 ;;		wreg, status,2, btemp+1
   540 ;; Tracked objects:
   541 ;;		On entry : 0/0
   542 ;;		On exit  : 0/0
   543 ;;		Unchanged: 0/0
   544 ;; Data sizes:     COMMON   BANK0
   545 ;;      Params:         0       0
   546 ;;      Locals:         0       2
   547 ;;      Temps:          0       1
   548 ;;      Totals:         0       3
   549 ;;Total ram usage:        3 bytes
   550 ;; Hardware stack levels used: 1
   551 ;; This function calls:
   552 ;;		Nothing
   553 ;; This function is called by:
   554 ;;		_main
   555 ;; This function uses a non-reentrant model
   556 ;;
   557                           
   558  035F                     _cinco:	
   559                           ;psect for function _cinco
   560                           
   561  035F                     l756:	
   562                           ;incstack = 0
   563                           ; Regs used in _cinco: [wreg+status,2+btemp+1]
   564                           
   565                           
   566                           ;main.c: 28:     for (int j = 0 ; j < 5000; j++)
   567  035F  1283               	bcf	3,5	;RP0=0, select bank0
   568  0360  018D               	clrf	cinco@j
   569  0361  018E               	clrf	cinco@j+1
   570  0362                     l762:
   571                           
   572                           ;main.c: 29:          {;main.c: 30:             PORTB = 0b00000001;
   573  0362  3001               	movlw	1
   574  0363  1283               	bcf	3,5	;RP0=0, select bank0
   575  0364  0086               	movwf	6	;volatile
   576                           
   577                           ;main.c: 31:             _delay((unsigned long)((87)*(4000000/4000000.0)));
   578  0365  301C               	movlw	28
   579  0366  008C               	movwf	??_cinco
   580  0367                     u317:
   581  0367  0B8C               	decfsz	??_cinco,f
   582  0368  2B67               	goto	u317
   583  0369  2B6A               	nop2
   584  036A                     l764:
   585                           
   586                           ;main.c: 32:             PORTB = 0b00000000;
   587  036A  1283               	bcf	3,5	;RP0=0, select bank0
   588  036B  0186               	clrf	6	;volatile
   589  036C                     l766:
   590                           
   591                           ;main.c: 33:             _delay((unsigned long)((87)*(4000000/4000000.0)));
   592  036C  301C               	movlw	28
   593  036D  008C               	movwf	??_cinco
   594  036E                     u327:
   595  036E  0B8C               	decfsz	??_cinco,f
   596  036F  2B6E               	goto	u327
   597  0370  2B71               	nop2
   598  0371                     l768:
   599                           
   600                           ;main.c: 34:          }
   601  0371  3001               	movlw	1
   602  0372  1283               	bcf	3,5	;RP0=0, select bank0
   603  0373  078D               	addwf	cinco@j,f
   604  0374  1803               	skipnc
   605  0375  0A8E               	incf	cinco@j+1,f
   606  0376  3000               	movlw	0
   607  0377  078E               	addwf	cinco@j+1,f
   608  0378                     l770:
   609  0378  080E               	movf	cinco@j+1,w
   610  0379  3A80               	xorlw	128
   611  037A  00CF               	movwf	btemp+1
   612  037B  3093               	movlw	147
   613  037C  024F               	subwf	btemp+1,w
   614  037D  1D03               	skipz
   615  037E  2B81               	goto	u155
   616  037F  3088               	movlw	136
   617  0380  020D               	subwf	cinco@j,w
   618  0381                     u155:
   619  0381  1C03               	skipc
   620  0382  2B84               	goto	u151
   621  0383  2B85               	goto	u150
   622  0384                     u151:
   623  0384  2B62               	goto	l762
   624  0385                     u150:
   625  0385                     l20:
   626  0385  0008               	return
   627  0386                     __end_of_cinco:
   628  004E                     btemp	set	78	;btemp
   629  004E                     wtemp0	set	78
   630                           
   631                           	psect	idloc
   632                           
   633                           ;Config register IDLOC0 @ 0x2000
   634                           ;	unspecified, using default values
   635  2000                     	org	8192
   636  2000  3FFF               	dw	16383
   637                           
   638                           ;Config register IDLOC1 @ 0x2001
   639                           ;	unspecified, using default values
   640  2001                     	org	8193
   641  2001  3FFF               	dw	16383
   642                           
   643                           ;Config register IDLOC2 @ 0x2002
   644                           ;	unspecified, using default values
   645  2002                     	org	8194
   646  2002  3FFF               	dw	16383
   647                           
   648                           ;Config register IDLOC3 @ 0x2003
   649                           ;	unspecified, using default values
   650  2003                     	org	8195
   651  2003  3FFF               	dw	16383
   652                           
   653                           	psect	config
   654                           
   655                           ;Config register CONFIG @ 0x2007
   656                           ;	Oscillator Selection bits
   657                           ;	FOSC = EXTRC, RC oscillator
   658                           ;	Watchdog Timer
   659                           ;	WDTE = ON, WDT enabled
   660                           ;	Power-up Timer Enable bit
   661                           ;	PWRTE = OFF, Power-up Timer is disabled
   662                           ;	Code Protection bit
   663                           ;	CP = OFF, Code protection disabled
   664  2007                     	org	8199
   665  2007  3FFF               	dw	16383

Data Sizes:
    Strings     0
    Constant    0
    Data        0
    BSS         0
    Persistent  0
    Stack       0

Auto Spaces:
    Space          Size  Autos    Used
    COMMON            0      0       0
    BANK0            66      3       3

Pointer List with Targets:

    None.

Critical Paths under _main in COMMON

    None.

Critical Paths under _main in BANK0

    _main->_cinco
    _main->_diez
    _main->_quice

Call Graph Tables:

 ---------------------------------------------------------------------------------
 (Depth) Function   	        Calls       Base Space   Used Autos Params    Refs
 ---------------------------------------------------------------------------------
 (0) _main                                                 0     0      0     138
                              _cinco
                               _diez
                              _quice
 ---------------------------------------------------------------------------------
 (1) _quice                                                3     3      0      46
                                              0 BANK0      3     3      0
 ---------------------------------------------------------------------------------
 (1) _diez                                                 3     3      0      46
                                              0 BANK0      3     3      0
 ---------------------------------------------------------------------------------
 (1) _cinco                                                3     3      0      46
                                              0 BANK0      3     3      0
 ---------------------------------------------------------------------------------
 Estimated maximum stack depth 1
 ---------------------------------------------------------------------------------

 Call Graph Graphs:

 _main (ROOT)
   _cinco
   _diez
   _quice

 Address spaces:
Name               Size   Autos  Total    Cost      Usage
BITCOMMON            0      0       0       0        0.0%
EEDATA              40      0       0       0        0.0%
NULL                 0      0       0       0        0.0%
CODE                 0      0       0       0        0.0%
BITSFR0              0      0       0       1        0.0%
SFR0                 0      0       0       1        0.0%
COMMON               0      0       0       1        0.0%
BITSFR1              0      0       0       2        0.0%
SFR1                 0      0       0       2        0.0%
STACK                0      0       0       2        0.0%
BANK0               42      3       3       3        4.5%
ABS                  0      0       0       4        0.0%
BITBANK0            42      0       0       5        0.0%
DATA                 0      0       0       6        0.0%


Microchip Technology PIC Macro Assembler V2.36 build 20220127204148 
Symbol Table                                                                                   Wed May 11 16:45:24 2022

                     l20 0385                       l15 035E                       l25 03AC  
                     l44 03FC                      l800 03BC                      l810 03CF  
                    l740 033A                      l820 03DF                      l812 03D1  
                    l804 03C2                      l750 0346                      l822 03E5  
                    l752 034A                      l832 03F5                      l824 03E7  
                    l816 03D8                      l808 03C9                      l770 0378  
                    l762 0362                      l754 0351                      l746 033D  
                    l764 036A                      l756 035F                      l748 0344  
                    l780 0391                      l772 0386                      l828 03EE  
                    l766 036C                      l782 0393                      l790 03B0  
                    l768 0371                      l784 0398                      l792 03B1  
                    l786 039F                      l778 0389                      l794 03B3  
                    l796 03B4                      l788 03AD                      l798 03BA  
                    u200 03CF                      u201 03CE                      u210 03D7  
                    u211 03D6                      u140 035E                      u220 03DE  
                    u141 035D                      u221 03DD                      u150 0385  
                    u230 03E5                      u151 0384                      u231 03E4  
                    u160 03AC                      u240 03ED                      u145 035A  
                    u161 03AB                      u241 03EC                      u250 03F4  
                    u170 03BA                      u155 0381                      u307 0348  
                    u251 03F3                      u171 03B9                      u260 03FB  
                    u180 03C1                      u317 0367                      u165 03A8  
                    u261 03FA                      u181 03C0                      u190 03C8  
                    u327 036E                      u191 03C7                      u277 038E  
                    u287 0395                      u297 0342                     _diez 033A  
                   _main 03AD                     btemp 004E                     start 0000  
                  ?_diez 000C                    ?_main 000C                    _PORTA 0005  
                  _PORTB 0006                    _TRISA 0085                    _TRISB 0086  
                  _cinco 035F                    diez@i 000D                    _quice 0386  
                  status 0003                    wtemp0 004E          __initialization 03FE  
           __end_of_diez 035F             __end_of_main 03FE                   ??_diez 000C  
                 ??_main 0000                   ?_cinco 000C                   ?_quice 000C  
                 cinco@j 000D                   quice@j 000D  __end_of__initialization 03FE  
         __pcstackCOMMON 0000            __end_of_cinco 0386            __end_of_quice 03AD  
                ??_cinco 000C                  ??_quice 000C               __pmaintext 03AD  
                __ptext1 0386                  __ptext2 033A                  __ptext3 035F  
   end_of_initialization 03FE      start_initialization 03FE                ___latbits 0000  
          __pcstackBANK0 000C  
