MPASM  5.50      5CV25_2_5_SALIDA_ENTRADA.ASM   2-16-2022  17:25:54         PAGE  1


LOC  OBJECT CODE     LINE SOURCE TEXT
  VALUE

                      00001 #include "P16F84.inc" ;Libreria para el pic
                      00001         LIST
                      00002 
                      00003 ;==========================================================================
                      00004 ;  MPASM PIC16F84 processor include
                      00005 ; 
                      00006 ;  (c) Copyright 1999-2013 Microchip Technology, All rights reserved
                      00007 ;==========================================================================
                      00008 
Message[301]: MESSAGE: (Processor-header file mismatch.  Verify selected processor.)
                      00206         LIST
  0000000C            00002 TEMP EQU 0XC
                      00003                   
Warning[203]: Found opcode in column 1. (BSF)
0000   1683           00004 BSF STATUS,5       ; IR A LA PÁGINA1 o Bloque de memoria 1
Warning[203]: Found opcode in column 1. (MOVLW)
0001   301F           00005 MOVLW b'00011111'
Warning[203]: Found opcode in column 1. (MOVWF)
Message[302]: Register in operand not in bank 0.  Ensure that bank bits are correct.
0002   0085           00006 MOVWF TRISA              ;Definimos los primeros 5 pines del puerto A como salida
                      00007 
Warning[203]: Found opcode in column 1. (MOVLW)
0003   3000           00008 MOVLW b'00000000'
Warning[203]: Found opcode in column 1. (MOVWF)
Message[302]: Register in operand not in bank 0.  Ensure that bank bits are correct.
0004   0086           00009 MOVWF TRISB    ;Definimos el puerto B como salida 
                      00010 
Warning[203]: Found opcode in column 1. (BCF)
0005   1283           00011 BCF STATUS,5 ;IR A PÁGINA 0 o banco de memoria 0
                      00012 
                      00013 
                      00014 
0006                  00015 BUCLE
0006   0185           00016         CLRF PORTA
0007   0186           00017         CLRF PORTB ;INICIO DEL PORTB A CERO
                      00018         
0008   1805           00019         BTFSC PORTA,0
0009   2813           00020                 GOTO B0
000A   1885           00021         BTFSC PORTA,1
000B   2816           00022                 GOTO B1
000C   1905           00023         BTFSC PORTA,2
000D   2819           00024                 GOTO B2
000E   1985           00025         BTFSC PORTA,3
000F   281C           00026                 GOTO B3
0010   1A05           00027         BTFSC PORTA,4
0011   281F           00028                 GOTO B4
0012   2806           00029         GOTO BUCLE
                      00030         
0013                  00031 B0
0013   3001           00032         MOVLW b'00000001'
0014   0086           00033         MOVWF PORTB
0015   2806           00034         GOTO BUCLE
                      00035                  
MPASM  5.50      5CV25_2_5_SALIDA_ENTRADA.ASM   2-16-2022  17:25:54         PAGE  2


LOC  OBJECT CODE     LINE SOURCE TEXT
  VALUE

0016                  00036 B1
0016   3002           00037         MOVLW b'00000010'
0017   0086           00038         MOVWF PORTB
0018   2806           00039         GOTO BUCLE
                      00040 
0019                  00041 B2
0019   3004           00042         MOVLW b'00000100'
001A   0086           00043         MOVWF PORTB
001B   2806           00044         GOTO BUCLE
                      00045 
001C                  00046 B3
001C   3008           00047         MOVLW b'00001000'
001D   0086           00048         MOVWF PORTB
001E   2806           00049         GOTO BUCLE
                      00050         
001F                  00051 B4
001F   3010           00052         MOVLW b'00010000'
0020   0086           00053         MOVWF PORTB
0021   2806           00054         GOTO BUCLE
                      00055         
Warning[205]: Found directive in column 1. (END)
                      00056 END
MPASM  5.50      5CV25_2_5_SALIDA_ENTRADA.ASM   2-16-2022  17:25:54         PAGE  3


SYMBOL TABLE
  LABEL                             VALUE 

B0                                00000013
B1                                00000016
B2                                00000019
B3                                0000001C
B4                                0000001F
BUCLE                             00000006
C                                 00000000
DC                                00000001
EEADR                             00000009
EECON1                            00000088
EECON2                            00000089
EEDATA                            00000008
EEIE                              00000006
EEIF                              00000004
F                                 00000001
FSR                               00000004
GIE                               00000007
INDF                              00000000
INTCON                            0000000B
INTE                              00000004
INTEDG                            00000006
INTF                              00000001
IRP                               00000007
NOT_PD                            00000003
NOT_RBPU                          00000007
NOT_TO                            00000004
OPTION_REG                        00000081
PCL                               00000002
PCLATH                            0000000A
PORTA                             00000005
PORTB                             00000006
PS0                               00000000
PS1                               00000001
PS2                               00000002
PSA                               00000003
RA0                               00000000
RA1                               00000001
RA2                               00000002
RA3                               00000003
RA4                               00000004
RB0                               00000000
RB1                               00000001
RB2                               00000002
RB3                               00000003
RB4                               00000004
RB5                               00000005
RB6                               00000006
RB7                               00000007
RBIE                              00000003
RBIF                              00000000
RD                                00000000
RP0                               00000005
RP1                               00000006
MPASM  5.50      5CV25_2_5_SALIDA_ENTRADA.ASM   2-16-2022  17:25:54         PAGE  4


SYMBOL TABLE
  LABEL                             VALUE 

STATUS                            00000003
T0CS                              00000005
T0IE                              00000005
T0IF                              00000002
T0SE                              00000004
TEMP                              0000000C
TMR0                              00000001
TMR0IE                            00000005
TMR0IF                            00000002
TRISA                             00000085
TRISA0                            00000000
TRISA1                            00000001
TRISA2                            00000002
TRISA3                            00000003
TRISA4                            00000004
TRISB                             00000086
TRISB0                            00000000
TRISB1                            00000001
TRISB2                            00000002
TRISB3                            00000003
TRISB4                            00000004
TRISB5                            00000005
TRISB6                            00000006
TRISB7                            00000007
W                                 00000000
WR                                00000001
WREN                              00000002
WRERR                             00000003
Z                                 00000002
_CONFIG                           00002007
_CP_OFF                           00003FFF
_CP_ON                            0000000F
_FOSC_EXTRC                       00003FFF
_FOSC_HS                          00003FFE
_FOSC_LP                          00003FFC
_FOSC_XT                          00003FFD
_HS_OSC                           00003FFE
_IDLOC0                           00002000
_IDLOC1                           00002001
_IDLOC2                           00002002
_IDLOC3                           00002003
_LP_OSC                           00003FFC
_PWRTE_OFF                        00003FFF
_PWRTE_ON                         00003FF7
_RC_OSC                           00003FFF
_WDTE_OFF                         00003FFB
_WDTE_ON                          00003FFF
_WDT_OFF                          00003FFB
_WDT_ON                           00003FFF
_XT_OSC                           00003FFD
__16F84A                          00000001
MPASM  5.50      5CV25_2_5_SALIDA_ENTRADA.ASM   2-16-2022  17:25:54         PAGE  5


MEMORY USAGE MAP ('X' = Used,  '-' = Unused)


0000 : XXXXXXXXXXXXXXXX XXXXXXXXXXXXXXXX XX-------------- ----------------

All other memory blocks unused.

Program Memory Words Used:    34
Program Memory Words Free:   990


Errors   :     0
Warnings :     7 reported,     0 suppressed
Messages :     3 reported,     0 suppressed

